
VCFtools - 0.1.16
(C) Adam Auton and Anthony Marcketta 2009

Parameters as interpreted:
	--vcf /data/victor/mosquito/data/asgharian/vcf/FB/SRR2029628.vcf
	--minQ 30
	--out diff_SRR2029628
	--remove-indels
	--stdout
	--diff /data/victor/mosquito/data/asgharian/vcf/GATK/SRR2029628.vcf
	--diff-site

Warning: Expected at least 2 parts in INFO entry: ID=AF,Number=A,Type=Float,Description="Estimated allele frequency in the range (0,1]">
Warning: Expected at least 2 parts in INFO entry: ID=PRO,Number=1,Type=Float,Description="Reference allele observation count, with partial observations recorded fractionally">
Warning: Expected at least 2 parts in INFO entry: ID=PAO,Number=A,Type=Float,Description="Alternate allele observations, with partial observations recorded fractionally">
Warning: Expected at least 2 parts in INFO entry: ID=SRP,Number=1,Type=Float,Description="Strand balance probability for the reference allele: Phred-scaled upper-bounds estimate of the probability of observing the deviation between SRF and SRR given E(SRF/SRR) ~ 0.5, derived using Hoeffding's inequality">
Warning: Expected at least 2 parts in INFO entry: ID=SAP,Number=A,Type=Float,Description="Strand balance probability for the alternate allele: Phred-scaled upper-bounds estimate of the probability of observing the deviation between SAF and SAR given E(SAF/SAR) ~ 0.5, derived using Hoeffding's inequality">
Warning: Expected at least 2 parts in INFO entry: ID=AB,Number=A,Type=Float,Description="Allele balance at heterozygous sites: a number between 0 and 1 representing the ratio of reads showing the reference allele to all reads, considering only reads from individuals called as heterozygous">
Warning: Expected at least 2 parts in INFO entry: ID=ABP,Number=A,Type=Float,Description="Allele balance probability at heterozygous sites: Phred-scaled upper-bounds estimate of the probability of observing the deviation between ABR and ABA given E(ABR/ABA) ~ 0.5, derived using Hoeffding's inequality">
Warning: Expected at least 2 parts in INFO entry: ID=RPP,Number=A,Type=Float,Description="Read Placement Probability: Phred-scaled upper-bounds estimate of the probability of observing the deviation between RPL and RPR given E(RPL/RPR) ~ 0.5, derived using Hoeffding's inequality">
Warning: Expected at least 2 parts in INFO entry: ID=RPPR,Number=1,Type=Float,Description="Read Placement Probability for reference observations: Phred-scaled upper-bounds estimate of the probability of observing the deviation between RPL and RPR given E(RPL/RPR) ~ 0.5, derived using Hoeffding's inequality">
Warning: Expected at least 2 parts in INFO entry: ID=EPP,Number=A,Type=Float,Description="End Placement Probability: Phred-scaled upper-bounds estimate of the probability of observing the deviation between EL and ER given E(EL/ER) ~ 0.5, derived using Hoeffding's inequality">
Warning: Expected at least 2 parts in INFO entry: ID=EPPR,Number=1,Type=Float,Description="End Placement Probability for reference observations: Phred-scaled upper-bounds estimate of the probability of observing the deviation between EL and ER given E(EL/ER) ~ 0.5, derived using Hoeffding's inequality">
Warning: Expected at least 2 parts in INFO entry: ID=TYPE,Number=A,Type=String,Description="The type of allele, either snp, mnp, ins, del, or complex.">
Warning: Expected at least 2 parts in INFO entry: ID=TYPE,Number=A,Type=String,Description="The type of allele, either snp, mnp, ins, del, or complex.">
Warning: Expected at least 2 parts in INFO entry: ID=TYPE,Number=A,Type=String,Description="The type of allele, either snp, mnp, ins, del, or complex.">
Warning: Expected at least 2 parts in INFO entry: ID=TYPE,Number=A,Type=String,Description="The type of allele, either snp, mnp, ins, del, or complex.">
Warning: Expected at least 2 parts in INFO entry: ID=TYPE,Number=A,Type=String,Description="The type of allele, either snp, mnp, ins, del, or complex.">
Warning: Expected at least 2 parts in INFO entry: ID=CIGAR,Number=A,Type=String,Description="The extended CIGAR representation of each alternate allele, with the exception that '=' is replaced by 'M' to ease VCF parsing.  Note that INDEL alleles do not have the first matched base (which is provided by default, per the spec) referred to by the CIGAR.">
Warning: Expected at least 2 parts in FORMAT entry: ID=GQ,Number=1,Type=Float,Description="Genotype Quality, the Phred-scaled marginal (or unconditional) probability of the called genotype">
Warning: Expected at least 2 parts in FORMAT entry: ID=GL,Number=G,Type=Float,Description="Genotype Likelihood, log10-scaled likelihoods of the data given the called genotype for each possible genotype generated from the reference and alternate alleles given the sample ploidy">
After filtering, kept 1 out of 1 Individuals
Warning: Expected at least 2 parts in FORMAT entry: ID=PGT,Number=1,Type=String,Description="Physical phasing haplotype information, describing how the alternate alleles are phased in relation to one another">
Warning: Expected at least 2 parts in FORMAT entry: ID=PID,Number=1,Type=String,Description="Physical phasing ID information, where each unique ID within a given sample (but not across samples) connects records within a phasing group">
Warning: Expected at least 2 parts in FORMAT entry: ID=PL,Number=G,Type=Integer,Description="Normalized, Phred-scaled likelihoods for genotypes as defined in the VCF specification">
Warning: Expected at least 2 parts in INFO entry: ID=MLEAC,Number=A,Type=Integer,Description="Maximum likelihood expectation (MLE) for the allele counts (not necessarily the same as the AC), for each ALT allele, in the same order as listed">
Warning: Expected at least 2 parts in INFO entry: ID=MLEAC,Number=A,Type=Integer,Description="Maximum likelihood expectation (MLE) for the allele counts (not necessarily the same as the AC), for each ALT allele, in the same order as listed">
Warning: Expected at least 2 parts in INFO entry: ID=MLEAF,Number=A,Type=Float,Description="Maximum likelihood expectation (MLE) for the allele frequency (not necessarily the same as the AF), for each ALT allele, in the same order as listed">
Warning: Expected at least 2 parts in INFO entry: ID=MLEAF,Number=A,Type=Float,Description="Maximum likelihood expectation (MLE) for the allele frequency (not necessarily the same as the AF), for each ALT allele, in the same order as listed">
Comparing sites in VCF files...
Found 0 sites common to both files.
Found 1793440 sites only in main file.
Found 0 sites only in second file.
Found 0 non-matching overlapping sites.
After filtering, kept 1793440 out of a possible 4254875 Sites
Run Time = 73.00 seconds
