This is cutadapt 1.13 with Python 2.7.13
Command line parameters: -a GATCGGAAGAGCACACGTCTGAACTCCAGTCAC --max-n=5 --minimum-length=50 -o trimmed/SRR2029634.forward.fastq merged/SRR2029634.unassembled.forward.fastq
Trimming 1 adapter with at most 10.0% errors in single-end mode ...
Finished in 111.01 s (10 us/read; 5.88 M reads/minute).

=== Summary ===

Total reads processed:              10,870,218
Reads with adapters:                   307,645 (2.8%)
Reads that were too short:              79,373 (0.7%)
Reads with too many N:                     699 (0.0%)
Reads written (passing filters):    10,790,146 (99.3%)

Total basepairs processed: 1,087,021,800 bp
Total written (filtered):  1,077,918,811 bp (99.2%)

=== Adapter 1 ===

Sequence: GATCGGAAGAGCACACGTCTGAACTCCAGTCAC; Type: regular 3'; Length: 33; Trimmed: 307645 times.

No. of allowed errors:
0-9 bp: 0; 10-19 bp: 1; 20-29 bp: 2; 30-33 bp: 3

Bases preceding removed adapters:
  A: 44.0%
  C: 18.6%
  G: 14.9%
  T: 21.6%
  none/other: 0.9%

Overview of removed sequences
length	count	expect	max.err	error counts
3	158879	169847.2	0	158879
4	38038	42461.8	0	38038
5	10649	10615.4	0	10649
6	2947	2653.9	0	2947
7	1230	663.5	0	1230
8	718	165.9	0	718
9	963	41.5	0	528 435
10	1235	10.4	1	392 843
11	964	2.6	1	375 589
12	765	0.6	1	313 452
13	709	0.2	1	263 446
14	624	0.0	1	248 376
15	550	0.0	1	229 321
16	518	0.0	1	209 309
17	493	0.0	1	218 275
18	457	0.0	1	205 250 2
19	466	0.0	1	220 235 11
20	395	0.0	2	144 190 61
21	455	0.0	2	172 224 59
22	427	0.0	2	154 225 48
23	391	0.0	2	130 210 51
24	350	0.0	2	122 188 40
25	326	0.0	2	126 171 29
26	324	0.0	2	107 180 37
27	281	0.0	2	73 161 46 1
28	204	0.0	2	59 117 26 2
29	237	0.0	2	80 129 24 4
30	238	0.0	3	55 128 29 26
31	233	0.0	3	61 137 24 11
32	218	0.0	3	58 112 29 19
33	163	0.0	3	52 84 14 13
34	214	0.0	3	58 123 19 14
35	191	0.0	3	53 115 17 6
36	148	0.0	3	41 85 17 5
37	153	0.0	3	53 72 19 9
38	111	0.0	3	37 59 8 7
39	111	0.0	3	31 69 6 5
40	109	0.0	3	41 53 10 5
41	111	0.0	3	34 60 12 5
42	81	0.0	3	23 51 2 5
43	103	0.0	3	24 68 6 5
44	83	0.0	3	20 53 6 4
45	76	0.0	3	33 28 5 10
46	88	0.0	3	35 34 16 3
47	53	0.0	3	20 29 3 1
48	67	0.0	3	18 45 1 3
49	65	0.0	3	17 41 3 4
50	2061	0.0	3	1824 181 33 23
51	1894	0.0	3	1742 117 22 13
52	1634	0.0	3	1467 146 16 5
53	1393	0.0	3	1268 99 16 10
54	1152	0.0	3	1039 83 22 8
55	902	0.0	3	826 56 15 5
56	815	0.0	3	731 67 15 2
57	687	0.0	3	617 50 13 7
58	539	0.0	3	483 43 10 3
59	501	0.0	3	453 40 8
60	785	0.0	3	712 61 8 4
61	710	0.0	3	621 77 9 3
62	449	0.0	3	404 36 6 3
63	2019	0.0	3	1776 208 28 7
64	1404	0.0	3	1244 131 23 6
65	214	0.0	3	203 10 1
66	218	0.0	3	203 11 2 2
67	583	0.0	3	521 54 5 3
68	85	0.0	3	80 2 3
69	790	0.0	3	695 82 11 2
70	385	0.0	3	339 42 3 1
71	453	0.0	3	407 41 3 2
72	262	0.0	3	229 29 4
73	688	0.0	3	610 52 23 3
74	23495	0.0	3	21100 2045 269 81
75	2093	0.0	3	1896 156 29 12
76	2194	0.0	3	1940 212 33 9
77	1437	0.0	3	1280 134 14 9
78	523	0.0	3	427 85 10 1
79	100	0.0	3	53 42 5
80	317	0.0	3	234 77 6
81	212	0.0	3	188 24
82	189	0.0	3	155 19 13 2
83	334	0.0	3	307 27
84	116	0.0	3	100 14 2
85	181	0.0	3	151 28 2
86	522	0.0	3	473 44 4 1
87	207	0.0	3	185 20 2
88	73	0.0	3	62 9 2
89	175	0.0	3	150 25
90	25331	0.0	3	22596 2389 267 79
91	351	0.0	3	263 84 4
92	64	0.0	3	50 11 2 1
93	19	0.0	3	16 3
94	41	0.0	3	18 21 2
95	38	0.0	3	28 9 1
96	21	0.0	3	17 3 1
97	26	0.0	3	10 11 5
98	42	0.0	3	8 9 25
99	59	0.0	3	34 0 22 3
100	2651	0.0	3	1941 216 33 461

