This is cutadapt 1.13 with Python 2.7.13
Command line parameters: -a GATCGGAAGAGCACACGTCTGAACTCCAGTCAC --max-n=5 --minimum-length=50 -o trimmed/SRR2029632.forward.fastq merged/SRR2029632.unassembled.forward.fastq
Trimming 1 adapter with at most 10.0% errors in single-end mode ...
Finished in 143.10 s (10 us/read; 5.86 M reads/minute).

=== Summary ===

Total reads processed:              13,964,393
Reads with adapters:                   354,494 (2.5%)
Reads that were too short:              70,934 (0.5%)
Reads with too many N:                   1,271 (0.0%)
Reads written (passing filters):    13,892,188 (99.5%)

Total basepairs processed: 1,396,439,300 bp
Total written (filtered):  1,388,043,636 bp (99.4%)

=== Adapter 1 ===

Sequence: GATCGGAAGAGCACACGTCTGAACTCCAGTCAC; Type: regular 3'; Length: 33; Trimmed: 354494 times.

No. of allowed errors:
0-9 bp: 0; 10-19 bp: 1; 20-29 bp: 2; 30-33 bp: 3

Bases preceding removed adapters:
  A: 36.9%
  C: 21.2%
  G: 17.3%
  T: 22.0%
  none/other: 2.6%

Overview of removed sequences
length	count	expect	max.err	error counts
3	201766	218193.6	0	201766
4	51039	54548.4	0	51039
5	14151	13637.1	0	14151
6	3715	3409.3	0	3715
7	1087	852.3	0	1087
8	785	213.1	0	785
9	944	53.3	0	509 435
10	1163	13.3	1	293 870
11	806	3.3	1	223 583
12	462	0.8	1	181 281
13	393	0.2	1	162 231
14	301	0.1	1	125 176
15	282	0.0	1	134 148
16	244	0.0	1	110 134
17	279	0.0	1	147 132
18	331	0.0	1	138 192 1
19	374	0.0	1	179 191 4
20	401	0.0	2	147 199 55
21	338	0.0	2	123 171 44
22	237	0.0	2	84 118 35
23	210	0.0	2	63 117 30
24	205	0.0	2	84 91 30
25	174	0.0	2	69 85 20
26	158	0.0	2	71 68 19
27	171	0.0	2	62 93 16
28	202	0.0	2	87 79 29 7
29	215	0.0	2	75 112 26 2
30	208	0.0	3	58 99 36 15
31	178	0.0	3	53 82 23 20
32	137	0.0	3	37 67 25 8
33	114	0.0	3	41 50 15 8
34	97	0.0	3	38 43 10 6
35	97	0.0	3	26 56 5 10
36	94	0.0	3	29 53 9 3
37	89	0.0	3	30 39 13 7
38	82	0.0	3	29 43 7 3
39	83	0.0	3	38 39 4 2
40	73	0.0	3	22 32 11 8
41	66	0.0	3	26 35 5
42	61	0.0	3	23 27 9 2
43	53	0.0	3	15 24 9 5
44	43	0.0	3	19 16 6 2
45	43	0.0	3	13 21 3 6
46	41	0.0	3	17 16 3 5
47	27	0.0	3	11 10 3 3
48	43	0.0	3	17 23 3
49	44	0.0	3	19 20 5
50	1454	0.0	3	1276 135 31 12
51	1240	0.0	3	1123 86 21 10
52	1184	0.0	3	1042 113 19 10
53	1045	0.0	3	942 83 12 8
54	1125	0.0	3	1010 94 15 6
55	664	0.0	3	600 55 6 3
56	587	0.0	3	531 44 10 2
57	541	0.0	3	494 34 5 8
58	448	0.0	3	407 32 5 4
59	435	0.0	3	393 35 4 3
60	411	0.0	3	366 32 8 5
61	366	0.0	3	335 25 1 5
62	274	0.0	3	244 26 3 1
63	254	0.0	3	215 30 4 5
64	255	0.0	3	227 21 5 2
65	563	0.0	3	525 28 7 3
66	192	0.0	3	173 16 2 1
67	109	0.0	3	95 10 3 1
68	95	0.0	3	85 7 1 2
69	313	0.0	3	283 21 5 4
70	190	0.0	3	175 7 2 6
71	79	0.0	3	57 12 6 4
72	199	0.0	3	165 23 6 5
73	94	0.0	3	72 13 5 4
74	429	0.0	3	296 82 17 34
75	90	0.0	3	75 10 3 2
76	95	0.0	3	76 14 2 3
77	38	0.0	3	33 2 2 1
78	37	0.0	3	28 5 2 2
79	34	0.0	3	27 7
80	43	0.0	3	35 4 4
81	20	0.0	3	14 5 1
82	20	0.0	3	14 3 2 1
83	9	0.0	3	7 2
84	15	0.0	3	13 2
85	24	0.0	3	18 2 0 4
86	15	0.0	3	11 1 2 1
87	10	0.0	3	6 4
88	29	0.0	3	21 5 3
89	55	0.0	3	46 8 0 1
90	48874	0.0	3	45699 2776 314 85
91	762	0.0	3	585 160 15 2
92	100	0.0	3	73 19 7 1
93	43	0.0	3	38 3 1 1
94	43	0.0	3	36 3 2 2
95	187	0.0	3	176 11
96	17	0.0	3	9 6 2
97	17	0.0	3	12 3 0 2
98	10	0.0	3	9 0 1
99	19	0.0	3	12 1 4 2
100	9236	0.0	3	8410 631 65 130

