This is cutadapt 1.13 with Python 2.7.13
Command line parameters: -a GATCGGAAGAGCACACGTCTGAACTCCAGTCAC --max-n=5 --minimum-length=50 -o trimmed/SRR2029629.forward.fastq merged/SRR2029629.unassembled.forward.fastq
Trimming 1 adapter with at most 10.0% errors in single-end mode ...
Finished in 193.96 s (10 us/read; 5.88 M reads/minute).

=== Summary ===

Total reads processed:              18,996,393
Reads with adapters:                   449,528 (2.4%)
Reads that were too short:              68,994 (0.4%)
Reads with too many N:                   1,525 (0.0%)
Reads written (passing filters):    18,925,874 (99.6%)

Total basepairs processed: 1,899,639,300 bp
Total written (filtered):  1,891,073,409 bp (99.5%)

=== Adapter 1 ===

Sequence: GATCGGAAGAGCACACGTCTGAACTCCAGTCAC; Type: regular 3'; Length: 33; Trimmed: 449528 times.

No. of allowed errors:
0-9 bp: 0; 10-19 bp: 1; 20-29 bp: 2; 30-33 bp: 3

Bases preceding removed adapters:
  A: 33.8%
  C: 21.9%
  G: 17.9%
  T: 24.6%
  none/other: 1.8%

Overview of removed sequences
length	count	expect	max.err	error counts
3	278297	296818.6	0	278297
4	67343	74204.7	0	67343
5	18422	18551.2	0	18422
6	4448	4637.8	0	4448
7	1233	1159.4	0	1233
8	615	289.9	0	615
9	791	72.5	0	260 531
10	1104	18.1	1	186 918
11	666	4.5	1	159 507
12	347	1.1	1	134 213
13	268	0.3	1	112 156
14	232	0.1	1	112 120
15	192	0.0	1	103 89
16	204	0.0	1	95 109
17	198	0.0	1	100 98
18	159	0.0	1	86 73
19	189	0.0	1	94 89 6
20	225	0.0	2	94 107 24
21	178	0.0	2	73 83 22
22	194	0.0	2	84 75 35
23	197	0.0	2	69 88 40
24	188	0.0	2	71 89 28
25	139	0.0	2	66 57 16
26	147	0.0	2	51 79 17
27	153	0.0	2	56 66 30 1
28	160	0.0	2	70 71 19
29	149	0.0	2	45 76 22 6
30	150	0.0	3	50 64 29 7
31	123	0.0	3	39 55 19 10
32	119	0.0	3	35 60 17 7
33	110	0.0	3	37 49 16 8
34	112	0.0	3	34 59 10 9
35	98	0.0	3	32 52 10 4
36	76	0.0	3	26 34 9 7
37	114	0.0	3	46 44 13 11
38	69	0.0	3	28 32 4 5
39	91	0.0	3	31 41 11 8
40	105	0.0	3	49 46 8 2
41	89	0.0	3	27 43 12 7
42	99	0.0	3	40 46 8 5
43	75	0.0	3	26 32 10 7
44	60	0.0	3	21 30 3 6
45	73	0.0	3	25 39 5 4
46	71	0.0	3	30 26 8 7
47	42	0.0	3	13 25 2 2
48	47	0.0	3	16 26 4 1
49	53	0.0	3	20 24 6 3
50	2320	0.0	3	2089 166 31 34
51	2238	0.0	3	2023 165 22 28
52	2133	0.0	3	1897 160 47 29
53	1809	0.0	3	1659 119 20 11
54	1811	0.0	3	1636 128 30 17
55	1449	0.0	3	1299 113 22 15
56	1268	0.0	3	1152 89 14 13
57	1176	0.0	3	1050 93 16 17
58	1100	0.0	3	1000 76 9 15
59	968	0.0	3	876 73 12 7
60	942	0.0	3	861 62 9 10
61	804	0.0	3	734 53 11 6
62	684	0.0	3	623 46 9 6
63	854	0.0	3	731 101 12 10
64	760	0.0	3	664 74 10 12
65	693	0.0	3	617 59 7 10
66	321	0.0	3	290 25 3 3
67	348	0.0	3	304 29 6 9
68	218	0.0	3	203 8 6 1
69	398	0.0	3	345 38 12 3
70	270	0.0	3	235 28 3 4
71	198	0.0	3	165 23 5 5
72	247	0.0	3	222 20 2 3
73	216	0.0	3	178 29 7 2
74	2612	0.0	3	1963 484 113 52
75	340	0.0	3	270 49 17 4
76	286	0.0	3	220 53 7 6
77	204	0.0	3	157 38 4 5
78	94	0.0	3	61 29 4
79	26	0.0	3	20 4 2
80	81	0.0	3	62 16 2 1
81	48	0.0	3	33 12 1 2
82	36	0.0	3	28 5 1 2
83	45	0.0	3	33 7 4 1
84	24	0.0	3	15 6 2 1
85	41	0.0	3	19 17 1 4
86	69	0.0	3	52 9 6 2
87	31	0.0	3	22 3 4 2
88	29	0.0	3	21 5 1 2
89	77	0.0	3	62 14 1
90	35107	0.0	3	32380 2272 262 193
91	551	0.0	3	437 101 8 5
92	65	0.0	3	41 14 9 1
93	41	0.0	3	32 5 3 1
94	33	0.0	3	30 2 0 1
95	105	0.0	3	98 7
96	16	0.0	3	11 4 0 1
97	19	0.0	3	11 6 1 1
98	20	0.0	3	13 4 2 1
99	14	0.0	3	10 1 2 1
100	8075	0.0	3	7216 552 76 231

