This is cutadapt 1.13 with Python 2.7.13
Command line parameters: -a GATCGGAAGAGCACACGTCTGAACTCCAGTCAC --max-n=5 --minimum-length=50 -o trimmed/SRR2029628.forward.fastq merged/SRR2029628.unassembled.forward.fastq
Trimming 1 adapter with at most 10.0% errors in single-end mode ...
Finished in 130.79 s (10 us/read; 5.82 M reads/minute).

=== Summary ===

Total reads processed:              12,678,959
Reads with adapters:                   659,383 (5.2%)
Reads that were too short:             392,327 (3.1%)
Reads with too many N:                     900 (0.0%)
Reads written (passing filters):    12,285,732 (96.9%)

Total basepairs processed: 1,267,895,900 bp
Total written (filtered):  1,226,787,934 bp (96.8%)

=== Adapter 1 ===

Sequence: GATCGGAAGAGCACACGTCTGAACTCCAGTCAC; Type: regular 3'; Length: 33; Trimmed: 659383 times.

No. of allowed errors:
0-9 bp: 0; 10-19 bp: 1; 20-29 bp: 2; 30-33 bp: 3

Bases preceding removed adapters:
  A: 63.7%
  C: 9.8%
  G: 7.9%
  T: 10.9%
  none/other: 7.7%

Overview of removed sequences
length	count	expect	max.err	error counts
3	175151	198108.7	0	175151
4	40666	49527.2	0	40666
5	12165	12381.8	0	12165
6	3631	3095.4	0	3631
7	1778	773.9	0	1778
8	1337	193.5	0	1337
9	1940	48.4	0	934 1006
10	1717	12.1	1	663 1054
11	1244	3.0	1	529 715
12	949	0.8	1	448 501
13	773	0.2	1	420 353
14	809	0.0	1	401 408
15	740	0.0	1	367 373
16	725	0.0	1	362 363
17	687	0.0	1	332 355
18	722	0.0	1	381 340 1
19	746	0.0	1	395 334 17
20	860	0.0	2	386 357 117
21	760	0.0	2	347 305 108
22	667	0.0	2	299 280 88
23	578	0.0	2	234 230 114
24	508	0.0	2	217 213 78
25	504	0.0	2	212 208 84
26	493	0.0	2	225 210 58
27	421	0.0	2	170 193 56 2
28	450	0.0	2	196 193 58 3
29	473	0.0	2	208 188 66 11
30	467	0.0	3	161 203 57 46
31	404	0.0	3	151 162 54 37
32	389	0.0	3	134 174 49 32
33	314	0.0	3	122 129 40 23
34	344	0.0	3	142 139 40 23
35	310	0.0	3	132 129 27 22
36	305	0.0	3	130 135 19 21
37	266	0.0	3	119 99 23 25
38	264	0.0	3	124 102 21 17
39	246	0.0	3	97 102 32 15
40	281	0.0	3	116 118 28 19
41	287	0.0	3	121 119 31 16
42	215	0.0	3	75 109 27 4
43	163	0.0	3	73 79 7 4
44	202	0.0	3	91 84 20 7
45	195	0.0	3	103 67 18 7
46	249	0.0	3	138 85 18 8
47	220	0.0	3	95 91 23 11
48	152	0.0	3	55 71 23 3
49	173	0.0	3	64 77 22 10
50	10116	0.0	3	9103 814 140 59
51	8552	0.0	3	7810 583 118 41
52	7972	0.0	3	7271 556 107 38
53	6737	0.0	3	6210 429 71 27
54	5556	0.0	3	5104 363 67 22
55	4650	0.0	3	4244 336 53 17
56	4206	0.0	3	3856 301 40 9
57	3899	0.0	3	3562 286 30 21
58	3296	0.0	3	3029 213 34 20
59	3026	0.0	3	2788 196 33 9
60	4097	0.0	3	3707 317 49 24
61	4054	0.0	3	3664 327 42 21
62	2520	0.0	3	2256 217 35 12
63	9250	0.0	3	8330 769 117 34
64	6846	0.0	3	6165 571 85 25
65	1450	0.0	3	1338 86 19 7
66	1143	0.0	3	1039 85 14 5
67	2802	0.0	3	2556 208 25 13
68	660	0.0	3	607 48 2 3
69	3735	0.0	3	3310 340 55 30
70	1798	0.0	3	1623 116 42 17
71	2049	0.0	3	1835 179 30 5
72	1279	0.0	3	1166 80 27 6
73	3210	0.0	3	2873 268 42 27
74	99357	0.0	3	89149 8806 1055 347
75	10132	0.0	3	9075 903 117 37
76	9412	0.0	3	8305 933 140 34
77	6389	0.0	3	5609 685 77 18
78	2508	0.0	3	1944 511 42 11
79	449	0.0	3	270 158 17 4
80	1454	0.0	3	1004 413 34 3
81	1049	0.0	3	926 104 16 3
82	728	0.0	3	609 86 30 3
83	1269	0.0	3	1144 96 24 5
84	573	0.0	3	501 61 8 3
85	741	0.0	3	630 87 21 3
86	1947	0.0	3	1763 149 17 18
87	934	0.0	3	846 75 7 6
88	241	0.0	3	186 49 3 3
89	806	0.0	3	593 186 25 2
90	107990	0.0	3	96698 10065 960 267
91	1440	0.0	3	1096 311 31 2
92	249	0.0	3	208 35 5 1
93	71	0.0	3	48 18 2 3
94	206	0.0	3	66 124 14 2
95	106	0.0	3	88 14 4
96	58	0.0	3	47 11
97	81	0.0	3	11 43 26 1
98	172	0.0	3	32 37 91 12
99	196	0.0	3	86 5 89 16
100	50982	0.0	3	46590 2139 152 2101

