This is cutadapt 1.13 with Python 2.7.13
Command line parameters: -a GATCGGAAGAGCACACGTCTGAACTCCAGTCAC --max-n=5 --minimum-length=50 -o trimmed/SRR2029631.forward.fastq merged/SRR2029631.unassembled.forward.fastq
Trimming 1 adapter with at most 10.0% errors in single-end mode ...
Finished in 118.86 s (10 us/read; 5.87 M reads/minute).

=== Summary ===

Total reads processed:              11,625,680
Reads with adapters:                   315,250 (2.7%)
Reads that were too short:              86,947 (0.7%)
Reads with too many N:                     708 (0.0%)
Reads written (passing filters):    11,538,025 (99.2%)

Total basepairs processed: 1,162,568,000 bp
Total written (filtered):  1,152,845,092 bp (99.2%)

=== Adapter 1 ===

Sequence: GATCGGAAGAGCACACGTCTGAACTCCAGTCAC; Type: regular 3'; Length: 33; Trimmed: 315250 times.

No. of allowed errors:
0-9 bp: 0; 10-19 bp: 1; 20-29 bp: 2; 30-33 bp: 3

Bases preceding removed adapters:
  A: 43.4%
  C: 17.0%
  G: 14.6%
  T: 22.4%
  none/other: 2.5%

Overview of removed sequences
length	count	expect	max.err	error counts
3	170282	181651.2	0	170282
4	36189	45412.8	0	36189
5	9296	11353.2	0	9296
6	2451	2838.3	0	2451
7	895	709.6	0	895
8	514	177.4	0	514
9	764	44.3	0	286 478
10	710	11.1	1	170 540
11	485	2.8	1	184 301
12	341	0.7	1	171 170
13	327	0.2	1	162 165
14	256	0.0	1	142 114
15	210	0.0	1	115 95
16	229	0.0	1	108 121
17	218	0.0	1	118 100
18	187	0.0	1	99 87 1
19	174	0.0	1	83 85 6
20	188	0.0	2	94 58 36
21	214	0.0	2	108 75 31
22	192	0.0	2	87 69 36
23	179	0.0	2	84 73 22
24	150	0.0	2	76 54 20
25	161	0.0	2	61 75 25
26	134	0.0	2	68 51 15
27	126	0.0	2	56 54 15 1
28	100	0.0	2	44 40 16
29	119	0.0	2	55 45 16 3
30	102	0.0	3	43 43 10 6
31	121	0.0	3	50 43 18 10
32	91	0.0	3	34 41 11 5
33	87	0.0	3	33 43 7 4
34	81	0.0	3	29 36 10 6
35	82	0.0	3	38 31 10 3
36	62	0.0	3	19 33 7 3
37	68	0.0	3	30 28 9 1
38	64	0.0	3	21 32 7 4
39	53	0.0	3	22 21 6 4
40	63	0.0	3	29 26 6 2
41	57	0.0	3	21 31 3 2
42	54	0.0	3	22 23 3 6
43	58	0.0	3	30 18 6 4
44	50	0.0	3	20 25 5
45	62	0.0	3	31 23 5 3
46	55	0.0	3	29 22 3 1
47	34	0.0	3	15 14 4 1
48	31	0.0	3	21 6 3 1
49	48	0.0	3	26 14 6 2
50	1889	0.0	3	1671 171 29 18
51	1669	0.0	3	1515 121 22 11
52	1743	0.0	3	1575 134 25 9
53	1400	0.0	3	1282 89 25 4
54	1042	0.0	3	956 65 13 8
55	813	0.0	3	731 69 8 5
56	694	0.0	3	631 47 11 5
57	638	0.0	3	572 43 13 10
58	507	0.0	3	455 39 10 3
59	453	0.0	3	416 35 2
60	751	0.0	3	653 80 10 8
61	777	0.0	3	700 65 8 4
62	470	0.0	3	415 42 12 1
63	2267	0.0	3	2007 228 23 9
64	1413	0.0	3	1261 113 24 15
65	192	0.0	3	176 13 1 2
66	162	0.0	3	147 10 3 2
67	596	0.0	3	528 54 8 6
68	64	0.0	3	55 5 3 1
69	772	0.0	3	667 80 22 3
70	322	0.0	3	277 35 7 3
71	465	0.0	3	421 41 3
72	279	0.0	3	257 13 6 3
73	778	0.0	3	700 63 13 2
74	24093	0.0	3	21439 2289 276 89
75	2408	0.0	3	2166 209 25 8
76	2345	0.0	3	2089 210 34 12
77	1493	0.0	3	1272 181 33 7
78	580	0.0	3	462 101 13 4
79	110	0.0	3	61 48 1
80	355	0.0	3	236 112 7
81	281	0.0	3	238 35 6 2
82	166	0.0	3	141 10 9 6
83	341	0.0	3	290 47 3 1
84	125	0.0	3	102 17 2 4
85	138	0.0	3	122 16
86	486	0.0	3	432 42 9 3
87	185	0.0	3	155 28 2
88	26	0.0	3	22 2 1 1
89	216	0.0	3	149 60 5 2
90	26831	0.0	3	23811 2642 278 100
91	352	0.0	3	281 65 6
92	60	0.0	3	56 3 1
93	15	0.0	3	12 3
94	52	0.0	3	9 35 7 1
95	33	0.0	3	28 4 1
96	10	0.0	3	9 1
97	28	0.0	3	1 19 8
98	30	0.0	3	1 6 20 3
99	36	0.0	3	12 7 12 5
100	7885	0.0	3	6872 407 54 552

