This is cutadapt 1.13 with Python 2.7.13
Command line parameters: -a GATCGGAAGAGCACACGTCTGAACTCCAGTCAC --max-n=5 --minimum-length=50 -o trimmed/SRR2029630.forward.fastq merged/SRR2029630.unassembled.forward.fastq
Trimming 1 adapter with at most 10.0% errors in single-end mode ...
Finished in 184.39 s (10 us/read; 5.86 M reads/minute).

=== Summary ===

Total reads processed:              18,013,751
Reads with adapters:                   411,179 (2.3%)
Reads that were too short:              48,574 (0.3%)
Reads with too many N:                   1,425 (0.0%)
Reads written (passing filters):    17,963,752 (99.7%)

Total basepairs processed: 1,801,375,100 bp
Total written (filtered):  1,794,913,301 bp (99.6%)

=== Adapter 1 ===

Sequence: GATCGGAAGAGCACACGTCTGAACTCCAGTCAC; Type: regular 3'; Length: 33; Trimmed: 411179 times.

No. of allowed errors:
0-9 bp: 0; 10-19 bp: 1; 20-29 bp: 2; 30-33 bp: 3

Bases preceding removed adapters:
  A: 31.9%
  C: 21.6%
  G: 18.4%
  T: 26.1%
  none/other: 2.0%

Overview of removed sequences
length	count	expect	max.err	error counts
3	267650	281464.9	0	267650
4	60604	70366.2	0	60604
5	16249	17591.6	0	16249
6	4154	4397.9	0	4154
7	1369	1099.5	0	1369
8	657	274.9	0	657
9	964	68.7	0	448 516
10	1234	17.2	1	271 963
11	792	4.3	1	201 591
12	489	1.1	1	176 313
13	482	0.3	1	191 291
14	302	0.1	1	141 161
15	300	0.0	1	128 172
16	275	0.0	1	119 156
17	300	0.0	1	141 159
18	254	0.0	1	115 139
19	268	0.0	1	98 166 4
20	302	0.0	2	125 141 36
21	309	0.0	2	118 151 40
22	272	0.0	2	98 131 43
23	244	0.0	2	77 126 41
24	208	0.0	2	77 108 23
25	209	0.0	2	68 105 36
26	209	0.0	2	76 101 32
27	180	0.0	2	58 90 32
28	177	0.0	2	54 93 30
29	211	0.0	2	72 112 23 4
30	200	0.0	3	69 88 29 14
31	190	0.0	3	49 89 35 17
32	155	0.0	3	45 83 12 15
33	162	0.0	3	49 83 17 13
34	129	0.0	3	47 58 16 8
35	114	0.0	3	35 59 11 9
36	123	0.0	3	34 77 6 6
37	114	0.0	3	32 67 9 6
38	109	0.0	3	41 48 10 10
39	84	0.0	3	31 40 8 5
40	114	0.0	3	41 56 8 9
41	92	0.0	3	31 50 5 6
42	87	0.0	3	19 58 8 2
43	93	0.0	3	29 51 8 5
44	71	0.0	3	26 30 8 7
45	63	0.0	3	23 30 6 4
46	51	0.0	3	14 29 5 3
47	43	0.0	3	21 18 2 2
48	49	0.0	3	12 28 5 4
49	42	0.0	3	10 27 2 3
50	1856	0.0	3	1682 129 32 13
51	1711	0.0	3	1554 121 27 9
52	1615	0.0	3	1471 104 22 18
53	1375	0.0	3	1237 106 21 11
54	1669	0.0	3	1525 106 23 15
55	1036	0.0	3	947 70 13 6
56	909	0.0	3	820 66 13 10
57	789	0.0	3	728 51 9 1
58	604	0.0	3	543 49 9 3
59	642	0.0	3	567 61 10 4
60	525	0.0	3	469 38 11 7
61	419	0.0	3	378 32 7 2
62	371	0.0	3	335 32 4
63	367	0.0	3	326 27 5 9
64	281	0.0	3	261 15 2 3
65	524	0.0	3	481 29 5 9
66	193	0.0	3	177 9 6 1
67	115	0.0	3	104 3 5 3
68	98	0.0	3	84 12 1 1
69	179	0.0	3	156 15 5 3
70	157	0.0	3	140 11 3 3
71	75	0.0	3	66 3 5 1
72	192	0.0	3	173 18 1
73	111	0.0	3	87 15 5 4
74	557	0.0	3	404 88 26 39
75	87	0.0	3	64 11 7 5
76	101	0.0	3	88 9 2 2
77	45	0.0	3	35 5 3 2
78	37	0.0	3	28 5 3 1
79	21	0.0	3	19 2
80	30	0.0	3	25 3 1 1
81	24	0.0	3	17 7
82	15	0.0	3	11 3 1
83	23	0.0	3	19 2 1 1
84	17	0.0	3	14 2 1
85	36	0.0	3	28 4 2 2
86	11	0.0	3	6 3 2
87	23	0.0	3	20 3
88	30	0.0	3	18 12
89	34	0.0	3	27 6 1
90	24637	0.0	3	22799 1520 237 81
91	445	0.0	3	366 71 7 1
92	63	0.0	3	44 17 2
93	31	0.0	3	27 0 3 1
94	36	0.0	3	35 0 1
95	88	0.0	3	81 5 0 2
96	12	0.0	3	8 3 1
97	23	0.0	3	17 2 3 1
98	16	0.0	3	12 0 2 2
99	18	0.0	3	11 5 2
100	8157	0.0	3	7296 645 91 125

