This is cutadapt 1.13 with Python 2.7.13
Command line parameters: -a GATCGGAAGAGCACACGTCTGAACTCCAGTCAC --max-n=5 --minimum-length=50 -o trimmed/SRR2029633.forward.fastq merged/SRR2029633.unassembled.forward.fastq
Trimming 1 adapter with at most 10.0% errors in single-end mode ...
Finished in 127.05 s (10 us/read; 5.90 M reads/minute).

=== Summary ===

Total reads processed:              12,488,454
Reads with adapters:                   367,834 (2.9%)
Reads that were too short:             112,203 (0.9%)
Reads with too many N:                   1,091 (0.0%)
Reads written (passing filters):    12,375,160 (99.1%)

Total basepairs processed: 1,248,845,400 bp
Total written (filtered):  1,236,303,946 bp (99.0%)

=== Adapter 1 ===

Sequence: GATCGGAAGAGCACACGTCTGAACTCCAGTCAC; Type: regular 3'; Length: 33; Trimmed: 367834 times.

No. of allowed errors:
0-9 bp: 0; 10-19 bp: 1; 20-29 bp: 2; 30-33 bp: 3

Bases preceding removed adapters:
  A: 36.2%
  C: 17.3%
  G: 14.1%
  T: 19.9%
  none/other: 12.6%

Overview of removed sequences
length	count	expect	max.err	error counts
3	182200	195132.1	0	182200
4	42595	48783.0	0	42595
5	11948	12195.8	0	11948
6	3163	3048.9	0	3163
7	1128	762.2	0	1128
8	682	190.6	0	682
9	789	47.6	0	451 338
10	1037	11.9	1	314 723
11	771	3.0	1	286 485
12	493	0.7	1	206 287
13	437	0.2	1	199 238
14	385	0.0	1	201 184
15	334	0.0	1	167 167
16	352	0.0	1	167 185
17	323	0.0	1	174 149
18	287	0.0	1	148 139
19	291	0.0	1	160 126 5
20	286	0.0	2	128 121 37
21	272	0.0	2	117 121 34
22	243	0.0	2	100 109 34
23	239	0.0	2	105 99 35
24	204	0.0	2	84 86 34
25	230	0.0	2	92 110 28
26	199	0.0	2	100 79 20
27	211	0.0	2	85 108 18
28	164	0.0	2	86 55 23
29	187	0.0	2	85 74 24 4
30	199	0.0	3	78 79 28 14
31	186	0.0	3	84 59 31 12
32	187	0.0	3	74 85 21 7
33	144	0.0	3	62 51 23 8
34	156	0.0	3	67 68 12 9
35	170	0.0	3	57 76 24 13
36	128	0.0	3	57 53 11 7
37	126	0.0	3	49 48 15 14
38	120	0.0	3	51 52 10 7
39	104	0.0	3	44 39 10 11
40	124	0.0	3	40 61 14 9
41	97	0.0	3	32 54 7 4
42	102	0.0	3	47 40 11 4
43	82	0.0	3	29 43 7 3
44	94	0.0	3	34 42 9 9
45	85	0.0	3	31 41 9 4
46	70	0.0	3	34 27 5 4
47	77	0.0	3	31 35 5 6
48	46	0.0	3	21 17 6 2
49	58	0.0	3	26 20 7 5
50	3826	0.0	3	3484 240 60 42
51	3615	0.0	3	3313 228 51 23
52	3313	0.0	3	3020 214 55 24
53	3106	0.0	3	2852 200 38 16
54	3380	0.0	3	3088 209 64 19
55	2334	0.0	3	2152 145 23 14
56	2113	0.0	3	1949 127 19 18
57	1834	0.0	3	1670 121 35 8
58	1657	0.0	3	1517 107 24 9
59	1445	0.0	3	1338 77 21 9
60	1381	0.0	3	1281 76 16 8
61	1147	0.0	3	1050 65 24 8
62	982	0.0	3	901 60 13 8
63	870	0.0	3	799 50 13 8
64	791	0.0	3	741 37 10 3
65	1003	0.0	3	930 56 14 3
66	551	0.0	3	497 40 11 3
67	384	0.0	3	356 11 14 3
68	298	0.0	3	266 26 4 2
69	481	0.0	3	451 18 6 6
70	318	0.0	3	298 12 4 4
71	176	0.0	3	144 17 6 9
72	312	0.0	3	278 25 4 5
73	196	0.0	3	160 26 9 1
74	801	0.0	3	614 130 26 31
75	167	0.0	3	146 15 4 2
76	110	0.0	3	93 12 2 3
77	75	0.0	3	59 10 1 5
78	38	0.0	3	30 3 2 3
79	66	0.0	3	48 10 8
80	41	0.0	3	31 9 1
81	57	0.0	3	40 15 2
82	23	0.0	3	14 5 2 2
83	21	0.0	3	17 1 0 3
84	23	0.0	3	20 2 1
85	40	0.0	3	32 7 0 1
86	25	0.0	3	21 4
87	50	0.0	3	39 3 8
88	68	0.0	3	44 23 1
89	42	0.0	3	32 9 1
90	31213	0.0	3	29266 1603 239 105
91	585	0.0	3	475 99 11
92	147	0.0	3	119 18 10
93	45	0.0	3	41 4
94	23	0.0	3	18 5
95	540	0.0	3	508 29 3
96	12	0.0	3	10 2
97	9	0.0	3	3 3 3
98	9	0.0	3	7 2
99	15	0.0	3	9 4 2
100	46271	0.0	3	43141 1963 193 974

