This is cutadapt 1.13 with Python 2.7.13
Command line parameters: -a GATCGGAAGAGCACACGTCTGAACTCCAGTCAC --max-n=5 --minimum-length=50 -o trimmed/SRR2029627.forward.fastq merged/SRR2029627.unassembled.forward.fastq
Trimming 1 adapter with at most 10.0% errors in single-end mode ...
Finished in 83.02 s (10 us/read; 5.99 M reads/minute).

=== Summary ===

Total reads processed:               8,288,457
Reads with adapters:                 2,036,437 (24.6%)
Reads that were too short:           1,900,630 (22.9%)
Reads with too many N:                     523 (0.0%)
Reads written (passing filters):     6,387,304 (77.1%)

Total basepairs processed:   828,845,700 bp
Total written (filtered):    637,911,515 bp (77.0%)

=== Adapter 1 ===

Sequence: GATCGGAAGAGCACACGTCTGAACTCCAGTCAC; Type: regular 3'; Length: 33; Trimmed: 2036437 times.

No. of allowed errors:
0-9 bp: 0; 10-19 bp: 1; 20-29 bp: 2; 30-33 bp: 3

Bases preceding removed adapters:
  A: 23.2%
  C: 1.9%
  G: 1.6%
  T: 2.0%
  none/other: 71.3%

Overview of removed sequences
length	count	expect	max.err	error counts
3	88167	129507.1	0	88167
4	24872	32376.8	0	24872
5	7325	8094.2	0	7325
6	2029	2023.5	0	2029
7	888	505.9	0	888
8	423	126.5	0	423
9	558	31.6	0	353 205
10	532	7.9	1	231 301
11	454	2.0	1	199 255
12	271	0.5	1	158 113
13	283	0.1	1	156 127
14	268	0.0	1	160 108
15	225	0.0	1	147 78
16	284	0.0	1	168 116
17	204	0.0	1	142 62
18	224	0.0	1	148 76
19	271	0.0	1	168 98 5
20	278	0.0	2	163 79 36
21	304	0.0	2	190 77 37
22	238	0.0	2	127 81 30
23	169	0.0	2	98 53 18
24	194	0.0	2	136 40 18
25	170	0.0	2	87 58 25
26	129	0.0	2	64 51 14
27	151	0.0	2	79 51 21
28	140	0.0	2	65 53 20 2
29	136	0.0	2	96 24 14 2
30	130	0.0	3	69 33 19 9
31	169	0.0	3	82 58 16 13
32	126	0.0	3	73 41 5 7
33	100	0.0	3	50 36 10 4
34	99	0.0	3	48 24 18 9
35	141	0.0	3	76 40 16 9
36	143	0.0	3	54 78 8 3
37	104	0.0	3	42 42 12 8
38	78	0.0	3	45 18 11 4
39	75	0.0	3	33 28 9 5
40	151	0.0	3	69 59 16 7
41	170	0.0	3	62 77 25 6
42	84	0.0	3	40 29 9 6
43	86	0.0	3	54 24 6 2
44	107	0.0	3	79 21 6 1
45	206	0.0	3	137 38 11 20
46	244	0.0	3	161 69 9 5
47	169	0.0	3	102 47 13 7
48	77	0.0	3	53 20 3 1
49	128	0.0	3	50 54 13 11
50	4033	0.0	3	3433 515 72 13
51	2719	0.0	3	2449 215 34 21
52	3943	0.0	3	3453 384 61 45
53	2473	0.0	3	2267 176 27 3
54	1541	0.0	3	1426 86 24 5
55	932	0.0	3	843 67 13 9
56	1059	0.0	3	964 71 18 6
57	1043	0.0	3	957 72 8 6
58	893	0.0	3	814 50 12 17
59	748	0.0	3	701 36 6 5
60	3358	0.0	3	2993 301 53 11
61	2968	0.0	3	2675 230 52 11
62	1344	0.0	3	1117 195 28 4
63	11747	0.0	3	10573 990 137 47
64	8255	0.0	3	7342 750 122 41
65	766	0.0	3	691 66 7 2
66	690	0.0	3	630 54 5 1
67	3491	0.0	3	3118 321 33 19
68	282	0.0	3	254 21 6 1
69	4990	0.0	3	4423 471 71 25
70	2163	0.0	3	1855 206 74 28
71	2800	0.0	3	2491 276 26 7
72	1765	0.0	3	1548 167 30 20
73	4766	0.0	3	4314 383 53 16
74	151048	0.0	3	136813 12154 1599 482
75	15470	0.0	3	13819 1431 169 51
76	14484	0.0	3	12898 1376 161 49
77	9744	0.0	3	8544 1019 132 49
78	3560	0.0	3	2759 725 69 7
79	660	0.0	3	388 232 27 13
80	5250	0.0	3	4414 738 79 19
81	2412	0.0	3	1924 402 68 18
82	1137	0.0	3	995 95 43 4
83	2115	0.0	3	1908 155 46 6
84	970	0.0	3	806 132 28 4
85	1034	0.0	3	926 93 13 2
86	3115	0.0	3	2836 258 16 5
87	1329	0.0	3	1182 117 24 6
88	717	0.0	3	501 197 16 3
89	1129	0.0	3	830 262 32 5
90	164736	0.0	3	149276 13728 1399 333
91	2153	0.0	3	1671 442 35 5
92	579	0.0	3	498 63 12 6
93	182	0.0	3	152 22 8
94	271	0.0	3	51 206 13 1
95	165	0.0	3	141 12 11 1
96	74	0.0	3	67 4 3
97	118	0.0	3	11 86 16 5
98	244	0.0	3	39 107 94 4
99	372	0.0	3	167 26 136 43
100	1452826	0.0	3	1401962 44834 2370 3660

