 ____  _____    _    ____ 
|  _ \| ____|  / \  |  _ \
| |_) |  _|   / _ \ | |_) |
|  __/| |___ / ___ \|  _ <
|_|   |_____/_/   \_\_| \_\

PEAR v0.9.6 [January 15, 2015]

Citation - PEAR: a fast and accurate Illumina Paired-End reAd mergeR
Zhang et al (2014) Bioinformatics 30(5): 614-620 | doi:10.1093/bioinformatics/btt593

Forward reads file.................: Mol03_R1.fastq
Reverse reads file.................: Mol03_R2.fastq
PHRED..............................: 33
Using empirical frequencies........: YES
Statistical method.................: OES
Maximum assembly length............: 999999
Minimum assembly length............: 50
p-value............................: 0.010000
Quality score threshold (trimming).: 10
Minimum read size after trimming...: 1
Maximal ratio of uncalled bases....: 1.000000
Minimum overlap....................: 10
Scoring method.....................: Scaled score
Threads............................: 1

Allocating memory..................: 2,147,483,648 bytes
Computing empirical frequencies....: DONE
  A: 0.298491
  C: 0.205066
  G: 0.213039
  T: 0.283404
  42041 uncalled bases
Assemblying reads: 0%Assemblying reads: 100%

Assembled reads ...................: 10,746 / 10,905 (98.542%)
Discarded reads ...................: 78 / 10,905 (0.715%)
Not assembled reads ...............: 81 / 10,905 (0.743%)
Assembled reads file...............: merged/Mol03.assembled.fastq
Discarded reads file...............: merged/Mol03.discarded.fastq
Unassembled forward reads file.....: merged/Mol03.unassembled.forward.fastq
Unassembled reverse reads file.....: merged/Mol03.unassembled.reverse.fastq
Reading fastq file 0%  Reading fastq file 31%  Reading fastq file 61%  Reading fastq file 92%  Reading fastq file 100%  Reading fastq file 100%
vsearch v1.9.5_linux_x86_64, 31.4GB RAM, 8 cores
https://github.com/torognes/vsearch

