 ____  _____    _    ____ 
|  _ \| ____|  / \  |  _ \
| |_) |  _|   / _ \ | |_) |
|  __/| |___ / ___ \|  _ <
|_|   |_____/_/   \_\_| \_\

PEAR v0.9.6 [January 15, 2015]

Citation - PEAR: a fast and accurate Illumina Paired-End reAd mergeR
Zhang et al (2014) Bioinformatics 30(5): 614-620 | doi:10.1093/bioinformatics/btt593

Forward reads file.................: PipFe1_R1.fastq
Reverse reads file.................: PipFe1_R2.fastq
PHRED..............................: 33
Using empirical frequencies........: YES
Statistical method.................: OES
Maximum assembly length............: 999999
Minimum assembly length............: 50
p-value............................: 0.010000
Quality score threshold (trimming).: 10
Minimum read size after trimming...: 1
Maximal ratio of uncalled bases....: 1.000000
Minimum overlap....................: 10
Scoring method.....................: Scaled score
Threads............................: 1

Allocating memory..................: 2,147,483,648 bytes
Computing empirical frequencies....: DONE
  A: 0.294648
  C: 0.207462
  G: 0.202359
  T: 0.295531
  0 uncalled bases
Assemblying reads: 0%Assemblying reads: 13007%

Assembled reads ...................: 4,609 / 4,649 (99.140%)
Discarded reads ...................: 0 / 4,649 (0.000%)
Not assembled reads ...............: 40 / 4,649 (0.860%)
Assembled reads file...............: merged/PipFe1.assembled.fastq
Discarded reads file...............: merged/PipFe1.discarded.fastq
Unassembled forward reads file.....: merged/PipFe1.unassembled.forward.fastq
Unassembled reverse reads file.....: merged/PipFe1.unassembled.reverse.fastq
Reading fastq file 0%  Reading fastq file 54%  Reading fastq file 100%  Reading fastq file 100%
vsearch v1.9.5_linux_x86_64, 31.4GB RAM, 8 cores
https://github.com/torognes/vsearch

